[ 2019-06-02T16:49:28+08:00 ] 61.158.148.3 /xcx/index.php/Qwadmin/index/index.html
INFO: [ app_init ] --START--
INFO: Run Behavior\BuildLiteBehavior [ RunTime:0.000065s ]
INFO: [ app_init ] --END-- [ RunTime:0.001834s ]
INFO: [ app_begin ] --START--
INFO: Run Behavior\ReadHtmlCacheBehavior [ RunTime:0.001631s ]
INFO: [ app_begin ] --END-- [ RunTime:0.001929s ]
NOTIC: [8] A session had already been started - ignoring session_start() C:\wamp\www\xcx\Application\Qwadmin\Controller\ComController.class.php 第 103 行.

[ 2019-06-02T16:49:28+08:00 ] 61.158.148.3 /xcx/index.php/Qwadmin/index/index.html
INFO: [ app_init ] --START--
INFO: Run Behavior\BuildLiteBehavior [ RunTime:0.000060s ]
INFO: [ app_init ] --END-- [ RunTime:0.000701s ]
INFO: [ app_begin ] --START--
INFO: Run Behavior\ReadHtmlCacheBehavior [ RunTime:0.000731s ]
INFO: [ app_begin ] --END-- [ RunTime:0.001016s ]
NOTIC: [8] A session had already been started - ignoring session_start() C:\wamp\www\xcx\Application\Qwadmin\Controller\ComController.class.php 第 103 行.

[ 2019-06-02T16:49:29+08:00 ] 61.158.148.3 /xcx/index.php/Qwadmin/login/index.html
INFO: [ app_init ] --START--
INFO: Run Behavior\BuildLiteBehavior [ RunTime:0.000066s ]
INFO: [ app_init ] --END-- [ RunTime:0.000692s ]
INFO: [ app_begin ] --START--
INFO: Run Behavior\ReadHtmlCacheBehavior [ RunTime:0.000671s ]
INFO: [ app_begin ] --END-- [ RunTime:0.000975s ]
NOTIC: [8] A session had already been started - ignoring session_start() C:\wamp\www\xcx\Application\Qwadmin\Controller\ComController.class.php 第 103 行.
INFO: [ view_parse ] --START--
INFO: [ template_filter ] --START--
INFO: Run Behavior\ContentReplaceBehavior [ RunTime:0.000210s ]
INFO: [ template_filter ] --END-- [ RunTime:0.000521s ]
INFO: Run Behavior\ParseTemplateBehavior [ RunTime:0.020247s ]
INFO: [ view_parse ] --END-- [ RunTime:0.020544s ]
INFO: [ view_filter ] --START--
INFO: Run Behavior\WriteHtmlCacheBehavior [ RunTime:0.001709s ]
INFO: [ view_filter ] --END-- [ RunTime:0.001998s ]
INFO: [ app_end ] --START--
INFO: Run Behavior\ShowPageTraceBehavior [ RunTime:0.002038s ]
INFO: [ app_end ] --END-- [ RunTime:0.002363s ]

[ 2019-06-02T16:49:29+08:00 ] 61.158.148.3 /xcx/index.php/Qwadmin/login/verify.html
INFO: [ app_init ] --START--
INFO: Run Behavior\BuildLiteBehavior [ RunTime:0.000062s ]
INFO: [ app_init ] --END-- [ RunTime:0.000695s ]
INFO: [ app_begin ] --START--
INFO: Run Behavior\ReadHtmlCacheBehavior [ RunTime:0.000748s ]
INFO: [ app_begin ] --END-- [ RunTime:0.001055s ]
INFO: [ app_end ] --START--
INFO: Run Behavior\ShowPageTraceBehavior [ RunTime:0.000904s ]
INFO: [ app_end ] --END-- [ RunTime:0.001216s ]

[ 2019-06-02T16:49:29+08:00 ] 61.158.148.3 /xcx/index.php/Qwadmin/login/verify.html
INFO: [ app_init ] --START--
INFO: Run Behavior\BuildLiteBehavior [ RunTime:0.000054s ]
INFO: [ app_init ] --END-- [ RunTime:0.000593s ]
INFO: [ app_begin ] --START--
INFO: Run Behavior\ReadHtmlCacheBehavior [ RunTime:0.000834s ]
INFO: [ app_begin ] --END-- [ RunTime:0.001040s ]
INFO: [ app_end ] --START--
INFO: Run Behavior\ShowPageTraceBehavior [ RunTime:0.000894s ]
INFO: [ app_end ] --END-- [ RunTime:0.001208s ]

[ 2019-06-02T16:49:47+08:00 ] 61.158.148.3 /xcx/index.php/Qwadmin/login/verify.html?1559465384005
INFO: [ app_init ] --START--
INFO: Run Behavior\BuildLiteBehavior [ RunTime:0.000063s ]
INFO: [ app_init ] --END-- [ RunTime:0.000719s ]
INFO: [ app_begin ] --START--
INFO: Run Behavior\ReadHtmlCacheBehavior [ RunTime:0.000725s ]
INFO: [ app_begin ] --END-- [ RunTime:0.001093s ]
INFO: [ app_end ] --START--
INFO: Run Behavior\ShowPageTraceBehavior [ RunTime:0.000970s ]
INFO: [ app_end ] --END-- [ RunTime:0.001281s ]

[ 2019-06-02T16:49:53+08:00 ] 61.158.148.3 /xcx/index.php/Qwadmin/login/login.html
INFO: [ app_init ] --START--
INFO: Run Behavior\BuildLiteBehavior [ RunTime:0.000048s ]
INFO: [ app_init ] --END-- [ RunTime:0.000500s ]
INFO: [ app_begin ] --START--
INFO: Run Behavior\ReadHtmlCacheBehavior [ RunTime:0.000483s ]
INFO: [ app_begin ] --END-- [ RunTime:0.000715s ]
SQL: SHOW COLUMNS FROM `member` [ RunTime:0.0047s ]
SQL: SELECT `uid`,`user` FROM `member` WHERE `user` = 'admin' AND `password` = 'e10adc3949ba59abbe56e057f20f883e' LIMIT 1   [ RunTime:0.0005s ]
NOTIC: [8] A session had already been started - ignoring session_start() C:\wamp\www\xcx\Application\Qwadmin\Controller\LoginController.class.php 第 42 行.
SQL: SHOW COLUMNS FROM `log` [ RunTime:0.0019s ]
NOTIC: [8] A session had already been started - ignoring session_start() C:\wamp\www\xcx\Application\Qwadmin\Common\function.php 第 12 行.
SQL: SHOW COLUMNS FROM `member` [ RunTime:0.0018s ]
SQL: SELECT `user` FROM `member` WHERE `uid` = 1 LIMIT 1   [ RunTime:0.0004s ]
SQL: INSERT INTO `log` (`name`,`t`,`ip`,`log`) VALUES ('admin','1559465393','61.158.148.3','登录成功。') [ RunTime:0.0015s ]

[ 2019-06-02T16:49:53+08:00 ] 61.158.148.3 /xcx/index.php/Qwadmin/index/index.html
INFO: [ app_init ] --START--
INFO: Run Behavior\BuildLiteBehavior [ RunTime:0.000061s ]
INFO: [ app_init ] --END-- [ RunTime:0.000722s ]
INFO: [ app_begin ] --START--
INFO: Run Behavior\ReadHtmlCacheBehavior [ RunTime:0.000686s ]
INFO: [ app_begin ] --END-- [ RunTime:0.000959s ]
NOTIC: [8] A session had already been started - ignoring session_start() C:\wamp\www\xcx\Application\Qwadmin\Controller\ComController.class.php 第 103 行.
SQL: SHOW COLUMNS FROM `member` [ RunTime:0.0021s ]
SQL: SELECT * FROM `member` WHERE `uid` = 1 LIMIT 1   [ RunTime:0.0004s ]
SQL: SELECT * FROM auth_group g left join auth_group_access a on g.id=a.group_id where a.uid=1 [ RunTime:0.0027s ]
SQL: SHOW COLUMNS FROM `member` [ RunTime:0.0023s ]
SQL: SELECT * FROM `member` WHERE `uid` = 1 LIMIT 1   [ RunTime:0.0005s ]
SQL: SELECT s.id,s.title,s.name,s.tips,s.pid,p.pid as ppid,p.title as ptitle FROM auth_rule s left join auth_rule p on p.id=s.pid where s.name='Index/index' [ RunTime:0.0004s ]
SQL: SHOW COLUMNS FROM `auth_rule` [ RunTime:0.0022s ]
SQL: SELECT `id`,`title`,`pid`,`name`,`icon` FROM `auth_rule` WHERE ( islink=1   ) ORDER BY o ASC  [ RunTime:0.0006s ]
SQL: select VERSION() as mysql [ RunTime:0.0003s ]
SQL: SHOW COLUMNS FROM `log` [ RunTime:0.0022s ]
SQL: DELETE FROM `log` WHERE ( t < 1554281393 ) [ RunTime:0.0004s ]
SQL: SELECT COUNT(*) AS tp_count FROM `log` LIMIT 1   [ RunTime:0.0003s ]
SQL: SELECT * FROM `log` ORDER BY id desc LIMIT 0,25   [ RunTime:0.0006s ]
INFO: [ view_parse ] --START--
NOTIC: [2] file_get_contents(./Application/Qwadmin/View/Public/set.html): failed to open stream: No such file or directory C:\wamp\www\ThinkPHP\Library\Think\Template.class.php 第 696 行.
INFO: [ template_filter ] --START--
INFO: Run Behavior\ContentReplaceBehavior [ RunTime:0.000225s ]
INFO: [ template_filter ] --END-- [ RunTime:0.000465s ]
INFO: Run Behavior\ParseTemplateBehavior [ RunTime:0.050843s ]
INFO: [ view_parse ] --END-- [ RunTime:0.051102s ]
INFO: [ view_filter ] --START--
INFO: Run Behavior\WriteHtmlCacheBehavior [ RunTime:0.000513s ]
INFO: [ view_filter ] --END-- [ RunTime:0.000685s ]
INFO: [ app_end ] --START--
INFO: Run Behavior\ShowPageTraceBehavior [ RunTime:0.000765s ]
INFO: [ app_end ] --END-- [ RunTime:0.000990s ]

[ 2019-06-02T16:49:54+08:00 ] 61.158.148.3 /xcx/index.php/Qwadmin/index/index.html?callback=jQuery211019797994392007334_1559465390577&_=1559465390578
INFO: [ app_init ] --START--
INFO: Run Behavior\BuildLiteBehavior [ RunTime:0.000064s ]
INFO: [ app_init ] --END-- [ RunTime:0.000718s ]
INFO: [ app_begin ] --START--
INFO: Run Behavior\ReadHtmlCacheBehavior [ RunTime:0.000636s ]
INFO: [ app_begin ] --END-- [ RunTime:0.000846s ]
NOTIC: [8] A session had already been started - ignoring session_start() C:\wamp\www\xcx\Application\Qwadmin\Controller\ComController.class.php 第 103 行.
SQL: SHOW COLUMNS FROM `member` [ RunTime:0.0016s ]
SQL: SELECT * FROM `member` WHERE `uid` = 1 LIMIT 1   [ RunTime:0.0004s ]
SQL: SELECT * FROM auth_group g left join auth_group_access a on g.id=a.group_id where a.uid=1 [ RunTime:0.0005s ]
SQL: SHOW COLUMNS FROM `member` [ RunTime:0.0020s ]
SQL: SELECT * FROM `member` WHERE `uid` = 1 LIMIT 1   [ RunTime:0.0004s ]
SQL: SELECT s.id,s.title,s.name,s.tips,s.pid,p.pid as ppid,p.title as ptitle FROM auth_rule s left join auth_rule p on p.id=s.pid where s.name='Index/index' [ RunTime:0.0004s ]
SQL: SHOW COLUMNS FROM `auth_rule` [ RunTime:0.0018s ]
SQL: SELECT `id`,`title`,`pid`,`name`,`icon` FROM `auth_rule` WHERE ( islink=1   ) ORDER BY o ASC  [ RunTime:0.0006s ]
SQL: select VERSION() as mysql [ RunTime:0.0002s ]
SQL: SHOW COLUMNS FROM `log` [ RunTime:0.0017s ]
SQL: DELETE FROM `log` WHERE ( t < 1554281394 ) [ RunTime:0.0003s ]
SQL: SELECT COUNT(*) AS tp_count FROM `log` LIMIT 1   [ RunTime:0.0002s ]
SQL: SELECT * FROM `log` ORDER BY id desc LIMIT 0,25   [ RunTime:0.0005s ]
INFO: [ view_parse ] --START--
NOTIC: [2] file_get_contents(./Application/Qwadmin/View/Public/set.html): failed to open stream: No such file or directory C:\wamp\www\ThinkPHP\Library\Think\Template.class.php 第 696 行.
INFO: [ template_filter ] --START--
INFO: Run Behavior\ContentReplaceBehavior [ RunTime:0.000198s ]
INFO: [ template_filter ] --END-- [ RunTime:0.000396s ]
INFO: Run Behavior\ParseTemplateBehavior [ RunTime:0.037934s ]
INFO: [ view_parse ] --END-- [ RunTime:0.038102s ]
INFO: [ view_filter ] --START--
INFO: Run Behavior\WriteHtmlCacheBehavior [ RunTime:0.000490s ]
INFO: [ view_filter ] --END-- [ RunTime:0.000631s ]
INFO: [ app_end ] --START--
INFO: Run Behavior\ShowPageTraceBehavior [ RunTime:0.000526s ]
INFO: [ app_end ] --END-- [ RunTime:0.000690s ]

[ 2019-06-02T16:50:00+08:00 ] 61.158.148.3 /xcx/index.php/Qwadmin/Member/index.html
INFO: [ app_init ] --START--
INFO: Run Behavior\BuildLiteBehavior [ RunTime:0.000041s ]
INFO: [ app_init ] --END-- [ RunTime:0.000515s ]
INFO: [ app_begin ] --START--
INFO: Run Behavior\ReadHtmlCacheBehavior [ RunTime:0.000539s ]
INFO: [ app_begin ] --END-- [ RunTime:0.000743s ]
NOTIC: [8] A session had already been started - ignoring session_start() C:\wamp\www\xcx\Application\Qwadmin\Controller\ComController.class.php 第 103 行.
SQL: SHOW COLUMNS FROM `member` [ RunTime:0.0023s ]
SQL: SELECT * FROM `member` WHERE `uid` = 1 LIMIT 1   [ RunTime:0.0005s ]
SQL: SELECT * FROM auth_group g left join auth_group_access a on g.id=a.group_id where a.uid=1 [ RunTime:0.0004s ]
SQL: SHOW COLUMNS FROM `member` [ RunTime:0.0019s ]
SQL: SELECT * FROM `member` WHERE `uid` = 1 LIMIT 1   [ RunTime:0.0004s ]
SQL: SELECT s.id,s.title,s.name,s.tips,s.pid,p.pid as ppid,p.title as ptitle FROM auth_rule s left join auth_rule p on p.id=s.pid where s.name='Member/index' [ RunTime:0.0004s ]
SQL: SHOW COLUMNS FROM `auth_rule` [ RunTime:0.0023s ]
SQL: SELECT `id`,`title`,`pid`,`name`,`icon` FROM `auth_rule` WHERE ( islink=1   ) ORDER BY o ASC  [ RunTime:0.0007s ]
SQL: SELECT COUNT(*) AS tp_count FROM `member` INNER JOIN auth_group_access ON member.uid = auth_group_access.uid INNER JOIN auth_group ON auth_group.id = auth_group_access.group_id  ORDER BY member.uid asc LIMIT 1   [ RunTime:0.0005s ]
SQL: SELECT member.*,auth_group.id as gid,auth_group.title FROM `member` INNER JOIN auth_group_access ON member.uid = auth_group_access.uid INNER JOIN auth_group ON auth_group.id = auth_group_access.group_id  ORDER BY member.uid asc LIMIT 0,10   [ RunTime:0.0007s ]
SQL: SHOW COLUMNS FROM `auth_group` [ RunTime:0.0026s ]
SQL: SELECT `id`,`title` FROM `auth_group`  [ RunTime:0.0004s ]
INFO: [ view_parse ] --START--
NOTIC: [2] file_get_contents(./Application/Qwadmin/View/Public/set.html): failed to open stream: No such file or directory C:\wamp\www\ThinkPHP\Library\Think\Template.class.php 第 696 行.
INFO: [ template_filter ] --START--
INFO: Run Behavior\ContentReplaceBehavior [ RunTime:0.000228s ]
INFO: [ template_filter ] --END-- [ RunTime:0.000441s ]
NOTIC: [8] Use of undefined constant user - assumed 'user' C:\wamp\www\xcx\Application\Runtime\Cache\Qwadmin\d0b3b911ec2d1a22001155e44a009c6d.php 第 267 行.
NOTIC: [8] Use of undefined constant phone - assumed 'phone' C:\wamp\www\xcx\Application\Runtime\Cache\Qwadmin\d0b3b911ec2d1a22001155e44a009c6d.php 第 268 行.
NOTIC: [8] Use of undefined constant qq - assumed 'qq' C:\wamp\www\xcx\Application\Runtime\Cache\Qwadmin\d0b3b911ec2d1a22001155e44a009c6d.php 第 269 行.
NOTIC: [8] Use of undefined constant email - assumed 'email' C:\wamp\www\xcx\Application\Runtime\Cache\Qwadmin\d0b3b911ec2d1a22001155e44a009c6d.php 第 270 行.
NOTIC: [8] Use of undefined constant keyword - assumed 'keyword' C:\wamp\www\xcx\Application\Runtime\Cache\Qwadmin\d0b3b911ec2d1a22001155e44a009c6d.php 第 272 行.
NOTIC: [8] Use of undefined constant asc - assumed 'asc' C:\wamp\www\xcx\Application\Runtime\Cache\Qwadmin\d0b3b911ec2d1a22001155e44a009c6d.php 第 275 行.
NOTIC: [8] Use of undefined constant desc - assumed 'desc' C:\wamp\www\xcx\Application\Runtime\Cache\Qwadmin\d0b3b911ec2d1a22001155e44a009c6d.php 第 276 行.
INFO: Run Behavior\ParseTemplateBehavior [ RunTime:0.052728s ]
INFO: [ view_parse ] --END-- [ RunTime:0.052966s ]
INFO: [ view_filter ] --START--
INFO: Run Behavior\WriteHtmlCacheBehavior [ RunTime:0.000484s ]
INFO: [ view_filter ] --END-- [ RunTime:0.000656s ]
INFO: [ app_end ] --START--
INFO: Run Behavior\ShowPageTraceBehavior [ RunTime:0.000561s ]
INFO: [ app_end ] --END-- [ RunTime:0.000746s ]

